1 abcderf
2 dfwertsfdg
3 sdf dfgsre fsdg
4 sdf sdsf f
5 fdhfg sdfgrtg dsfgsdf
6 sdfgstrhdfgb
7 dghsfgwr dfg
2 dfwertsfdg
3 sdf dfgsre fsdg
4 sdf sdsf f
5 fdhfg sdfgrtg dsfgsdf
4 sdf sdsf f
5 fdhfg sdfgrtg dsfgsdf
6 sdfgstrhdfgb
7 dghsfgwr dfg
2 dfwertsfdg
3 sdf dfgsre fsdg
6 sdfgstrhdfgb
7 dghsfgwr dfg
2 dfwertsfdg
3 sdf dfgsre fsdg
4 sdf sdsf f
5 fdhfg sdfgrtg dsfgsdf
4 sdf sdsf f
5 fdhfg sdfgrtg dsfgsdf
6 sdfgstrhdfgb
4 sdf sdsf f
5 fdhfg sdfgrtg dsfgsdf
4 sdf sdsf f
5 fdhfg sdfgrtg dsfgsdf
6 sdfgstrhdfgb
4 sdf sdsf f
5 fdhfg sdfgrtg dsfgsdf
4 sdf sdsf f
5 fdhfg sdfgrtg dsfgsdf
6 sdfgstrhdfgb
4 sdf sdsf f
5 fdhfg sdfgrtg dsfgsdf
4 sdf sdsf f
5 fdhfg sdfgrtg dsfgsdf
6 sdfgstrhdfgb
